{
  "RSpec": {
    "coverage": {
      "/Users/ed/Desktop/Makers/Projects/bowling-scorecard/spec/frame_spec.rb": {
        "lines": [
          1,
          1,
          null,
          7,
          null,
          1,
          null,
          1,
          1,
          null,
          null,
          null,
          null,
          1,
          null,
          1,
          1,
          null,
          null,
          null,
          null,
          1,
          null,
          1,
          1,
          1,
          1,
          null,
          null,
          null,
          null,
          1,
          null,
          1,
          1,
          1,
          1,
          null,
          null,
          null,
          null,
          1,
          null,
          1,
          1,
          1,
          1,
          1,
          null,
          null,
          null,
          null,
          1,
          null,
          1,
          1,
          1,
          1,
          1,
          null,
          null,
          null,
          null,
          null
        ]
      },
      "/Users/ed/Desktop/Makers/Projects/bowling-scorecard/lib/frame.rb": {
        "lines": [
          1,
          1,
          null,
          1,
          76,
          76,
          76,
          76,
          76,
          null,
          null,
          1,
          1,
          null,
          1,
          192,
          null,
          null,
          1,
          201,
          null,
          null,
          1,
          63,
          null,
          null,
          1,
          null,
          1,
          116,
          116,
          116,
          null,
          null,
          1,
          72,
          null,
          null,
          null
        ]
      },
      "/Users/ed/Desktop/Makers/Projects/bowling-scorecard/lib/player.rb": {
        "lines": [
          1,
          null,
          1,
          75,
          75,
          75,
          null,
          null,
          1,
          75,
          76,
          76,
          null,
          null,
          null,
          1,
          null,
          null
        ]
      },
      "/Users/ed/Desktop/Makers/Projects/bowling-scorecard/spec/game_spec.rb": {
        "lines": [
          1,
          1,
          null,
          8,
          null,
          1,
          null,
          1,
          2,
          null,
          null,
          1,
          1,
          2,
          null,
          null,
          1,
          1,
          1,
          1,
          null,
          null,
          null,
          null,
          1,
          null,
          1,
          1,
          null,
          null,
          1,
          1,
          1,
          null,
          null,
          null,
          null,
          1,
          null,
          1,
          1,
          1,
          1,
          null,
          null,
          1,
          1,
          1,
          1,
          null,
          null,
          1,
          1,
          1,
          1,
          null,
          null,
          null,
          null,
          1,
          null,
          1,
          1,
          1,
          1,
          null,
          null,
          null,
          null,
          null
        ]
      },
      "/Users/ed/Desktop/Makers/Projects/bowling-scorecard/lib/game.rb": {
        "lines": [
          1,
          null,
          1,
          null,
          1,
          null,
          1,
          7,
          7,
          7,
          null,
          null,
          1,
          null,
          1,
          7,
          7,
          null,
          null,
          1,
          8,
          null,
          null,
          1,
          null,
          55,
          5,
          null,
          null,
          1,
          null,
          1,
          7,
          7,
          70,
          70,
          70,
          63,
          null,
          null,
          null,
          1,
          60,
          null,
          null,
          1,
          null,
          385,
          null,
          null,
          null,
          null,
          null,
          null,
          1,
          70,
          null,
          70,
          null,
          70,
          null,
          null,
          1,
          70,
          70,
          63,
          63,
          63,
          null,
          null,
          null,
          1,
          63,
          63,
          8,
          5,
          null,
          null,
          null,
          1,
          63,
          63,
          null,
          null,
          1,
          77,
          null,
          null,
          null
        ]
      },
      "/Users/ed/Desktop/Makers/Projects/bowling-scorecard/spec/player_spec.rb": {
        "lines": [
          1,
          1,
          null,
          1,
          null,
          1,
          1,
          1,
          null,
          null,
          1,
          1,
          1,
          null,
          null,
          1,
          1,
          2,
          null,
          null,
          null,
          null,
          null
        ]
      }
    },
    "timestamp": 1632658651
  }
}
