{
  "RSpec": {
    "coverage": {
      "/Users/ed/Desktop/Makers/Projects/bowling-scorecard/spec/frame_spec.rb": {
        "lines": [
          1,
          1,
          null,
          4,
          null,
          1,
          null,
          1,
          1,
          null,
          null,
          null,
          null,
          1,
          null,
          1,
          1,
          null,
          null,
          null,
          null,
          1,
          null,
          null,
          1,
          1,
          1,
          1,
          null,
          null,
          null,
          null,
          null
        ]
      },
      "/Users/ed/Desktop/Makers/Projects/bowling-scorecard/lib/frame.rb": {
        "lines": [
          1,
          1,
          null,
          1,
          23,
          23,
          null,
          null,
          1,
          null,
          1,
          1,
          null,
          null,
          null,
          1,
          null,
          1,
          1,
          1,
          null,
          null,
          null,
          null
        ]
      },
      "/Users/ed/Desktop/Makers/Projects/bowling-scorecard/lib/player.rb": {
        "lines": [
          1,
          null,
          1,
          4,
          null,
          null,
          null
        ]
      },
      "/Users/ed/Desktop/Makers/Projects/bowling-scorecard/spec/game_spec.rb": {
        "lines": [
          1,
          1,
          null,
          3,
          null,
          1,
          null,
          1,
          2,
          null,
          null,
          1,
          1,
          1,
          null,
          null,
          null,
          null,
          null
        ]
      },
      "/Users/ed/Desktop/Makers/Projects/bowling-scorecard/lib/game.rb": {
        "lines": [
          1,
          null,
          1,
          null,
          1,
          null,
          1,
          2,
          2,
          null,
          null,
          1,
          2,
          2,
          null,
          null,
          1,
          null,
          1,
          null,
          1,
          2,
          2,
          20,
          20,
          18,
          null,
          null,
          null,
          1,
          null,
          null,
          null,
          1,
          22,
          null,
          null,
          1,
          2,
          null,
          null,
          null
        ]
      },
      "/Users/ed/Desktop/Makers/Projects/bowling-scorecard/spec/player_spec.rb": {
        "lines": [
          1,
          1,
          null,
          1,
          null,
          1,
          1,
          null,
          null,
          1,
          1,
          null,
          null,
          1,
          1,
          null,
          null,
          null,
          null,
          null
        ]
      }
    },
    "timestamp": 1632581673
  }
}
